{"level":"info","time":"2022-12-17T16:50:05+08:00","message":"Unlocking keyring"}
{"level":"info","time":"2022-12-17T16:50:05+08:00","message":"starting ABCI with Tendermint"}
{"level":"info","server":"node","module":"proxy","impl":"multiAppConn","msg":{},"time":"2022-12-17T16:50:05+08:00","message":"service start"}
{"level":"info","server":"node","module":"proxy","connection":"query","module":"abci-client","impl":"localClient","msg":{},"time":"2022-12-17T16:50:05+08:00","message":"service start"}
{"level":"info","server":"node","module":"proxy","connection":"snapshot","module":"abci-client","impl":"localClient","msg":{},"time":"2022-12-17T16:50:05+08:00","message":"service start"}
{"level":"info","server":"node","module":"proxy","connection":"mempool","module":"abci-client","impl":"localClient","msg":{},"time":"2022-12-17T16:50:05+08:00","message":"service start"}
{"level":"info","server":"node","module":"proxy","connection":"consensus","module":"abci-client","impl":"localClient","msg":{},"time":"2022-12-17T16:50:05+08:00","message":"service start"}
{"level":"info","server":"node","module":"events","impl":"EventBus","msg":{},"time":"2022-12-17T16:50:05+08:00","message":"service start"}
{"level":"info","server":"node","module":"events","module":"pubsub","impl":"PubSub","msg":{},"time":"2022-12-17T16:50:05+08:00","message":"service start"}
{"level":"info","server":"node","module":"txindex","impl":"IndexerService","msg":{},"time":"2022-12-17T16:50:05+08:00","message":"service start"}
{"level":"info","server":"node","module":"consensus","hash":"","height":0,"protocol-version":0,"software-version":"dev-9f8e6f035ce8d802f33fbdd400496348fc1e7e14","time":"2022-12-17T16:50:05+08:00","message":"ABCI Handshake App Info"}
{"level":"info","server":"node","module":"consensus","appHeight":0,"stateHeight":0,"storeHeight":0,"time":"2022-12-17T16:50:05+08:00","message":"ABCI Replay Blocks"}
{"level":"info","time":"2022-12-17T16:50:05+08:00","message":"initializing blockchain state from genesis.json"}
{"level":"info","module":"x/capability","module":"ibc","name":"ports/transfer","time":"2022-12-17T16:50:05+08:00","message":"created new capability"}
{"level":"info","module":"x/ibc/port","port":"transfer","time":"2022-12-17T16:50:05+08:00","message":"port binded"}
{"level":"info","module":"x/capability","capability":1,"module":"transfer","name":"ports/transfer","time":"2022-12-17T16:50:05+08:00","message":"claimed capability"}
{"level":"info","module":"x/crisis","inv":"1/12","name":"distribution/nonnegative-outstanding","time":"2022-12-17T16:50:05+08:00","message":"asserting crisis invariants"}
{"level":"info","module":"x/crisis","inv":"2/12","name":"distribution/can-withdraw","time":"2022-12-17T16:50:05+08:00","message":"asserting crisis invariants"}
{"level":"info","module":"x/crisis","inv":"3/12","name":"distribution/reference-count","time":"2022-12-17T16:50:05+08:00","message":"asserting crisis invariants"}
{"level":"info","module":"x/crisis","inv":"4/12","name":"distribution/module-account","time":"2022-12-17T16:50:05+08:00","message":"asserting crisis invariants"}
{"level":"info","module":"x/crisis","inv":"5/12","name":"staking/module-accounts","time":"2022-12-17T16:50:05+08:00","message":"asserting crisis invariants"}
{"level":"info","module":"x/crisis","inv":"6/12","name":"staking/nonnegative-power","time":"2022-12-17T16:50:05+08:00","message":"asserting crisis invariants"}
{"level":"info","module":"x/crisis","inv":"7/12","name":"staking/positive-delegation","time":"2022-12-17T16:50:05+08:00","message":"asserting crisis invariants"}
{"level":"info","module":"x/crisis","inv":"8/12","name":"staking/delegator-shares","time":"2022-12-17T16:50:05+08:00","message":"asserting crisis invariants"}
{"level":"info","module":"x/crisis","inv":"9/12","name":"nft/supply","time":"2022-12-17T16:50:05+08:00","message":"asserting crisis invariants"}
{"level":"info","module":"x/crisis","inv":"10/12","name":"bank/nonnegative-outstanding","time":"2022-12-17T16:50:05+08:00","message":"asserting crisis invariants"}
{"level":"info","module":"x/crisis","inv":"11/12","name":"bank/total-supply","time":"2022-12-17T16:50:05+08:00","message":"asserting crisis invariants"}
{"level":"info","module":"x/crisis","inv":"12/12","name":"gov/module-account","time":"2022-12-17T16:50:05+08:00","message":"asserting crisis invariants"}
{"level":"info","module":"x/crisis","duration":1.171286,"height":0,"time":"2022-12-17T16:50:05+08:00","message":"asserted all invariants"}
{"level":"info","module":"x/capability","module":"ibc","name":"ports/nft-transfer","time":"2022-12-17T16:50:05+08:00","message":"created new capability"}
{"level":"info","module":"x/ibc/port","port":"nft-transfer","time":"2022-12-17T16:50:05+08:00","message":"port binded"}
{"level":"info","module":"x/capability","capability":2,"module":"nonfungibletokentransfer","name":"ports/nft-transfer","time":"2022-12-17T16:50:05+08:00","message":"claimed capability"}
{"level":"info","server":"node","module":"consensus","appHash":"","appHeight":0,"time":"2022-12-17T16:50:05+08:00","message":"Completed ABCI Handshake - Tendermint and App are synced"}
{"level":"info","server":"node","block":11,"p2p":8,"tendermint_version":"v0.34.23","time":"2022-12-17T16:50:05+08:00","message":"Version info"}
{"level":"info","server":"node","module":"consensus","addr":"4C0170EE935A5CDD8D359D4A85D400AB773C10A0","pubKey":"M71ySUS4HL3klf1QaC4ChZ70naUcfaSMVPYrlJ3Aa4I=","time":"2022-12-17T16:50:05+08:00","message":"This node is a validator"}
{"level":"info","server":"node","module":"p2p","ID":"3c12d8464f2e3e998731cf587d0f78971aae0245","file":"/Users/xuxinlai/my/mul/work/new/uptick-test/data/uptick_7000-1/config/node_key.json","time":"2022-12-17T16:50:05+08:00","message":"P2P Node ID"}
{"level":"info","server":"node","module":"p2p","addrs":[],"time":"2022-12-17T16:50:05+08:00","message":"Adding persistent peers"}
{"level":"info","server":"node","module":"p2p","ids":[],"time":"2022-12-17T16:50:05+08:00","message":"Adding unconditional peer ids"}
{"level":"info","server":"node","module":"p2p","book":"/Users/xuxinlai/my/mul/work/new/uptick-test/data/uptick_7000-1/config/addrbook.json","addr":{"id":"3c12d8464f2e3e998731cf587d0f78971aae0245","ip":"0.0.0.0","port":26656},"time":"2022-12-17T16:50:05+08:00","message":"Add our address to book"}
{"level":"info","server":"node","impl":"Node","msg":{},"time":"2022-12-17T16:50:05+08:00","message":"service start"}
{"level":"info","server":"node","laddr":"localhost:6060","time":"2022-12-17T16:50:05+08:00","message":"Starting pprof server"}
{"level":"info","server":"node","module":"rpc-server","msg":{},"time":"2022-12-17T16:50:05+08:00","message":"serve"}
{"level":"info","server":"node","module":"p2p","impl":"P2P Switch","msg":{},"time":"2022-12-17T16:50:05+08:00","message":"service start"}
{"level":"info","server":"node","module":"consensus","impl":"ConsensusReactor","msg":{},"time":"2022-12-17T16:50:05+08:00","message":"service start"}
{"level":"info","server":"node","module":"consensus","waitSync":false,"time":"2022-12-17T16:50:05+08:00","message":"Reactor "}
{"level":"info","server":"node","module":"consensus","impl":"ConsensusState","msg":{},"time":"2022-12-17T16:50:05+08:00","message":"service start"}
{"level":"info","server":"node","module":"consensus","wal":"/Users/xuxinlai/my/mul/work/new/uptick-test/data/uptick_7000-1/data/cs.wal/wal","impl":"baseWAL","msg":{},"time":"2022-12-17T16:50:05+08:00","message":"service start"}
{"level":"info","server":"node","module":"consensus","wal":"/Users/xuxinlai/my/mul/work/new/uptick-test/data/uptick_7000-1/data/cs.wal/wal","impl":"Group","msg":{},"time":"2022-12-17T16:50:05+08:00","message":"service start"}
{"level":"info","server":"node","module":"consensus","impl":"TimeoutTicker","msg":{},"time":"2022-12-17T16:50:05+08:00","message":"service start"}
{"level":"info","server":"node","module":"consensus","wal":"/Users/xuxinlai/my/mul/work/new/uptick-test/data/uptick_7000-1/data/cs.wal/wal","height":1,"max":0,"min":0,"time":"2022-12-17T16:50:05+08:00","message":"Searching for height"}
{"level":"info","server":"node","module":"consensus","wal":"/Users/xuxinlai/my/mul/work/new/uptick-test/data/uptick_7000-1/data/cs.wal/wal","height":0,"max":0,"min":0,"time":"2022-12-17T16:50:05+08:00","message":"Searching for height"}
{"level":"info","server":"node","module":"consensus","wal":"/Users/xuxinlai/my/mul/work/new/uptick-test/data/uptick_7000-1/data/cs.wal/wal","height":0,"index":0,"time":"2022-12-17T16:50:05+08:00","message":"Found"}
{"level":"info","server":"node","module":"consensus","height":1,"time":"2022-12-17T16:50:05+08:00","message":"Catchup by replaying consensus messages"}
{"level":"info","server":"node","module":"consensus","time":"2022-12-17T16:50:05+08:00","message":"Replay: Done"}
{"level":"info","server":"node","module":"evidence","impl":"Evidence","msg":{},"time":"2022-12-17T16:50:05+08:00","message":"service start"}
{"level":"info","server":"node","module":"statesync","impl":"StateSync","msg":{},"time":"2022-12-17T16:50:05+08:00","message":"service start"}
{"level":"info","server":"node","module":"pex","impl":"PEX","msg":{},"time":"2022-12-17T16:50:05+08:00","message":"service start"}
{"level":"info","server":"node","module":"p2p","book":"/Users/xuxinlai/my/mul/work/new/uptick-test/data/uptick_7000-1/config/addrbook.json","impl":"AddrBook","msg":{},"time":"2022-12-17T16:50:05+08:00","message":"service start"}
{"level":"info","server":"node","module":"blockchain","impl":"BlockchainReactor","msg":{},"time":"2022-12-17T16:50:05+08:00","message":"service start"}
{"level":"info","server":"node","module":"p2p","book":"/Users/xuxinlai/my/mul/work/new/uptick-test/data/uptick_7000-1/config/addrbook.json","size":0,"time":"2022-12-17T16:50:05+08:00","message":"Saving AddrBook to file"}
{"level":"info","server":"node","module":"pex","numDialing":0,"numInPeers":0,"numOutPeers":0,"numToDial":30,"time":"2022-12-17T16:50:05+08:00","message":"Ensure peers"}
{"level":"info","server":"node","module":"pex","time":"2022-12-17T16:50:05+08:00","message":"No addresses to dial. Falling back to seeds"}
{"level":"info","server":"api","msg":{},"time":"2022-12-17T16:50:05+08:00","message":"serve"}
{"level":"info","server":"node","module":"consensus","dur":4983.291,"height":1,"round":0,"step":1,"time":"2022-12-17T16:50:10+08:00","message":"Timed out"}
{"level":"info","server":"node","module":"consensus","proposal":{"Type":32,"height":1,"round":0,"pol_round":-1,"block_id":{"hash":"CA8B4A57C72E8328ED3B6F89DDBD32DFCD92EA864D7381D9BDC0CB96931D7B53","parts":{"total":1,"hash":"A5C8C46B53C435DE562BE4DB5C9640E57774F6E3A513B64AF3FDB5DE6C733165"}},"timestamp":"2022-12-17T08:50:10.772286Z","signature":"ogEehrCHmKBawdt8zKpmSpLdjWJWMEk5pl9MGWMgtHv8DuqDP2z1XE0UtrwCJ3puu6gz4nI3fquZuUIHSzCWDw=="},"time":"2022-12-17T16:50:10+08:00","message":"received proposal"}
{"level":"info","server":"node","module":"consensus","hash":"CA8B4A57C72E8328ED3B6F89DDBD32DFCD92EA864D7381D9BDC0CB96931D7B53","height":1,"time":"2022-12-17T16:50:10+08:00","message":"received complete proposal block"}
{"level":"info","server":"node","module":"consensus","height":1,"hash":{},"num_txs":0,"root":"E3B0C44298FC1C149AFBF4C8996FB92427AE41E4649B934CA495991B7852B855","time":"2022-12-17T16:50:10+08:00","message":"finalizing commit of block"}
{"level":"info","module":"x/bank","amount":"6179177761810925355auptick","from":"mint","time":"2022-12-17T16:50:10+08:00","message":"minted coins from module account"}
{"level":"info","server":"node","module":"state","height":1,"num_invalid_txs":0,"num_valid_txs":0,"time":"2022-12-17T16:50:10+08:00","message":"executed block"}
{"level":"info","commit":"436F6D6D697449447B5B3633203336203238203233342032303020323534203135382036342038362032303820323134203932203138322033382039392031343820323238203136352031373620323420313037203732203234372031313020393320313139203135312032382032323020393920323138203134305D3A317D","time":"2022-12-17T16:50:10+08:00","message":"commit synced"}
{"level":"info","server":"node","module":"state","app_hash":"3F241CEAC8FE9E4056D0D65CB6266394E4A5B0186B48F76E5D77971CDC63DA8C","height":1,"num_txs":0,"time":"2022-12-17T16:50:10+08:00","message":"committed state"}
{"level":"info","server":"node","module":"txindex","height":1,"time":"2022-12-17T16:50:10+08:00","message":"indexed block exents"}
{"level":"info","server":"node","module":"consensus","dur":4900.172,"height":2,"round":0,"step":1,"time":"2022-12-17T16:50:15+08:00","message":"Timed out"}
{"level":"info","server":"node","module":"consensus","proposal":{"Type":32,"height":2,"round":0,"pol_round":-1,"block_id":{"hash":"0ABB0CBECE56CBAA2E411916A2C0B286B96A0B6A2536745FD1FDEB872C9BEA6B","parts":{"total":1,"hash":"DCE3556D8C9B13D93030A4089A8E1EABA8A9FC0974848B50023C9305951A5E9B"}},"timestamp":"2022-12-17T08:50:15.892282Z","signature":"dy6NCcv8gupVlHinfW1tPtbpN9/rJRehY6i4yAyUIkD0vBVaPh3tgjaJ+EXpuxqHIaZ9yVu9bTZsZ6FgLZoaCQ=="},"time":"2022-12-17T16:50:15+08:00","message":"received proposal"}
{"level":"info","server":"node","module":"consensus","hash":"0ABB0CBECE56CBAA2E411916A2C0B286B96A0B6A2536745FD1FDEB872C9BEA6B","height":2,"time":"2022-12-17T16:50:15+08:00","message":"received complete proposal block"}
{"level":"info","server":"node","module":"consensus","height":2,"hash":{},"num_txs":0,"root":"3F241CEAC8FE9E4056D0D65CB6266394E4A5B0186B48F76E5D77971CDC63DA8C","time":"2022-12-17T16:50:16+08:00","message":"finalizing commit of block"}
{"level":"info","module":"x/bank","amount":"6179178527160351632auptick","from":"mint","time":"2022-12-17T16:50:16+08:00","message":"minted coins from module account"}
{"level":"info","server":"node","module":"state","height":2,"num_invalid_txs":0,"num_valid_txs":0,"time":"2022-12-17T16:50:16+08:00","message":"executed block"}
{"level":"info","commit":"436F6D6D697449447B5B3132312031393820313534203231332031313620312036312039392039312032333620323338203136302038392032313620323135203438203132352032323820313835203137362031343220313434203233203320313433203320393120373920343120323031203133312031315D3A327D","time":"2022-12-17T16:50:16+08:00","message":"commit synced"}
{"level":"info","server":"node","module":"state","app_hash":"79C69AD574013D635BECEEA059D8D7307DE4B9B08E9017038F035B4F29C9830B","height":2,"num_txs":0,"time":"2022-12-17T16:50:16+08:00","message":"committed state"}
{"level":"info","server":"node","module":"txindex","height":2,"time":"2022-12-17T16:50:16+08:00","message":"indexed block exents"}
{"level":"info","server":"node","module":"rpc-server","protocol":"websocket","remote":"127.0.0.1:52407","time":"2022-12-17T16:50:20+08:00","message":"New websocket connection"}
{"level":"info","server":"node","module":"rpc-server","protocol":"websocket","remote":{"IP":"127.0.0.1","Port":52407,"Zone":""},"impl":"wsConnection","msg":{},"time":"2022-12-17T16:50:20+08:00","message":"service start"}
{"level":"info","address":"0.0.0.0:8545","time":"2022-12-17T16:50:20+08:00","message":"Starting JSON-RPC server"}
{"level":"info","server":"node","module":"consensus","dur":4901.282,"height":3,"round":0,"step":1,"time":"2022-12-17T16:50:21+08:00","message":"Timed out"}
{"level":"info","server":"node","module":"consensus","proposal":{"Type":32,"height":3,"round":0,"pol_round":-1,"block_id":{"hash":"2B26625E80E35C0351EAF343E7C243D1ECA0D93EAA347DCFD1915C3920409FAF","parts":{"total":1,"hash":"9102792C4F43F1FED332B0279229243800D61CCFFB3A1863D7C5C8EC3D79C58B"}},"timestamp":"2022-12-17T08:50:21.029395Z","signature":"w/2MN98Vl1ZbwqSVx2qElGfDtGkeczDB47ssBEdbrdVKoW3qYLD2viEBYDUWzLT7PUxGh1Vytf11PK6gUkQhCA=="},"time":"2022-12-17T16:50:21+08:00","message":"received proposal"}
{"level":"info","server":"node","module":"consensus","hash":"2B26625E80E35C0351EAF343E7C243D1ECA0D93EAA347DCFD1915C3920409FAF","height":3,"time":"2022-12-17T16:50:21+08:00","message":"received complete proposal block"}
{"level":"info","server":"node","module":"consensus","height":3,"hash":{},"num_txs":0,"root":"79C69AD574013D635BECEEA059D8D7307DE4B9B08E9017038F035B4F29C9830B","time":"2022-12-17T16:50:21+08:00","message":"finalizing commit of block"}
{"level":"info","module":"x/bank","amount":"6179179292509826945auptick","from":"mint","time":"2022-12-17T16:50:21+08:00","message":"minted coins from module account"}
{"level":"info","server":"node","module":"state","height":3,"num_invalid_txs":0,"num_valid_txs":0,"time":"2022-12-17T16:50:21+08:00","message":"executed block"}
{"level":"info","commit":"436F6D6D697449447B5B31353420343820393920313738203635203935203133312034342035342033322031363820363720313133203233322032303120323439203131342033372031383420323820343120323331203930203839203135382031373720313631203133372031303020323139203234332039345D3A337D","time":"2022-12-17T16:50:21+08:00","message":"commit synced"}
{"level":"info","server":"node","module":"state","app_hash":"9A3063B2415F832C3620A84371E8C9F97225B81C29E75A599EB1A18964DBF35E","height":3,"num_txs":0,"time":"2022-12-17T16:50:21+08:00","message":"committed state"}
{"level":"info","server":"node","module":"txindex","height":3,"time":"2022-12-17T16:50:21+08:00","message":"indexed block exents"}
{"level":"info","address":"0.0.0.0:8546","time":"2022-12-17T16:50:25+08:00","message":"Starting JSON WebSocket server"}
{"level":"info","server":"node","module":"rpc-server","protocol":"websocket","remote":"127.0.0.1:52408","time":"2022-12-17T16:50:25+08:00","message":"New websocket connection"}
{"level":"info","server":"node","module":"rpc-server","protocol":"websocket","remote":{"IP":"127.0.0.1","Port":52408,"Zone":""},"impl":"wsConnection","msg":{},"time":"2022-12-17T16:50:25+08:00","message":"service start"}
{"level":"info","server":"node","module":"consensus","dur":4904.502,"height":4,"round":0,"step":1,"time":"2022-12-17T16:50:26+08:00","message":"Timed out"}
{"level":"info","server":"node","module":"consensus","proposal":{"Type":32,"height":4,"round":0,"pol_round":-1,"block_id":{"hash":"3860C036A2A694C437073C105342D81A14E8313A82435004FA967DC540E4FE76","parts":{"total":1,"hash":"04874601930A76C1DDB64E167EB433CB808EB2717049CCC6373F43CD7BAFB24A"}},"timestamp":"2022-12-17T08:50:26.157028Z","signature":"2fh4oZC7GsEp8K7Vi9VRtjj7L2hT2jqHXAYnqt7S4bOIru+aNrmZAu2A1NTtk4//bHCH6+3wUI4EdHTTCxhwDw=="},"time":"2022-12-17T16:50:26+08:00","message":"received proposal"}
{"level":"info","server":"node","module":"consensus","hash":"3860C036A2A694C437073C105342D81A14E8313A82435004FA967DC540E4FE76","height":4,"time":"2022-12-17T16:50:26+08:00","message":"received complete proposal block"}
{"level":"info","server":"node","module":"consensus","height":4,"hash":{},"num_txs":0,"root":"9A3063B2415F832C3620A84371E8C9F97225B81C29E75A599EB1A18964DBF35E","time":"2022-12-17T16:50:26+08:00","message":"finalizing commit of block"}
{"level":"info","module":"x/bank","amount":"6179180057859351343auptick","from":"mint","time":"2022-12-17T16:50:26+08:00","message":"minted coins from module account"}
{"level":"info","server":"node","module":"state","height":4,"num_invalid_txs":0,"num_valid_txs":0,"time":"2022-12-17T16:50:26+08:00","message":"executed block"}
{"level":"info","commit":"436F6D6D697449447B5B33322035372031323520323320323232203720382038382037372031373020323337203232203135332031343620383920393920313938203739203320313136203139392031373820333320363920323232203432203431203139382031313320313336203232392031365D3A347D","time":"2022-12-17T16:50:26+08:00","message":"commit synced"}
{"level":"info","server":"node","module":"state","app_hash":"20397D17DE0708584DAAED1699925963C64F0374C7B22145DE2A29C67188E510","height":4,"num_txs":0,"time":"2022-12-17T16:50:26+08:00","message":"committed state"}
{"level":"info","server":"node","module":"txindex","height":4,"time":"2022-12-17T16:50:26+08:00","message":"indexed block exents"}
{"level":"info","time":"2022-12-17T16:50:30+08:00","message":"HTTP server shut down, waiting 5 sec"}
{"level":"info","server":"api","err":"accept tcp [::]:1316: use of closed network connection","time":"2022-12-17T16:50:30+08:00","message":"RPC HTTP server stopped"}
{"level":"info","server":"node","impl":{"Logger":{}},"msg":{},"time":"2022-12-17T16:50:30+08:00","message":"service stop"}
{"level":"info","server":"node","time":"2022-12-17T16:50:30+08:00","message":"Stopping Node"}
{"level":"info","server":"node","module":"events","impl":{"Logger":{}},"msg":{},"time":"2022-12-17T16:50:30+08:00","message":"service stop"}
{"level":"info","server":"node","module":"events","module":"pubsub","impl":{"Logger":{}},"msg":{},"time":"2022-12-17T16:50:30+08:00","message":"service stop"}
{"level":"info","server":"node","module":"txindex","impl":{"Logger":{}},"msg":{},"time":"2022-12-17T16:50:30+08:00","message":"service stop"}
{"level":"info","server":"node","module":"p2p","impl":{"Logger":{}},"msg":{},"time":"2022-12-17T16:50:30+08:00","message":"service stop"}
{"level":"info","server":"node","module":"blockchain","impl":{"Logger":{},"Switch":{"Logger":{}}},"msg":{},"time":"2022-12-17T16:50:30+08:00","message":"service stop"}
{"level":"info","server":"node","module":"consensus","impl":{"Logger":{},"Switch":{"Logger":{}},"Metrics":{"Height":{},"ValidatorLastSignedHeight":{},"Rounds":{},"Validators":{},"ValidatorsPower":{},"ValidatorPower":{},"ValidatorMissedBlocks":{},"MissingValidators":{},"MissingValidatorsPower":{},"ByzantineValidators":{},"ByzantineValidatorsPower":{},"BlockIntervalSeconds":{},"NumTxs":{},"BlockSizeBytes":{},"TotalTxs":{},"CommittedHeight":{},"FastSyncing":{},"StateSyncing":{},"BlockParts":{},"QuorumPrevoteMessageDelay":{},"FullPrevoteMessageDelay":{}}},"msg":{},"time":"2022-12-17T16:50:30+08:00","message":"service stop"}
{"level":"info","server":"node","module":"consensus","impl":{"Logger":{},"height":5,"round":0,"step":1,"start_time":"2022-12-17T08:50:31.259084Z","commit_time":"2022-12-17T08:50:26.259084Z","validators":{"validators":[{"address":"4C0170EE935A5CDD8D359D4A85D400AB773C10A0","pub_key":"M71ySUS4HL3klf1QaC4ChZ70naUcfaSMVPYrlJ3Aa4I=","voting_power":70000000,"proposer_priority":0}],"proposer":{"address":"4C0170EE935A5CDD8D359D4A85D400AB773C10A0","pub_key":"M71ySUS4HL3klf1QaC4ChZ70naUcfaSMVPYrlJ3Aa4I=","voting_power":70000000,"proposer_priority":0}},"proposal":null,"proposal_block":null,"proposal_block_parts":null,"locked_round":-1,"locked_block":null,"locked_block_parts":null,"valid_round":-1,"valid_block":null,"valid_block_parts":null,"votes":[{"round":0,"prevotes":["nil-Vote"],"prevotes_bit_array":"BA{1:_} 0/70000000 = 0.00","precommits":["nil-Vote"],"precommits_bit_array":"BA{1:_} 0/70000000 = 0.00"}],"commit_round":-1,"last_commit":{"votes":["Vote{0:4C0170EE935A 4/00/SIGNED_MSG_TYPE_PRECOMMIT(Precommit) 3860C036A2A6 46A5D11800D2 @ 2022-12-17T08:50:26.243121Z}"],"votes_bit_array":"BA{1:x} 70000000/70000000 = 1.00","peer_maj_23s":{}},"last_validators":{"validators":[{"address":"4C0170EE935A5CDD8D359D4A85D400AB773C10A0","pub_key":"M71ySUS4HL3klf1QaC4ChZ70naUcfaSMVPYrlJ3Aa4I=","voting_power":70000000,"proposer_priority":0}],"proposer":{"address":"4C0170EE935A5CDD8D359D4A85D400AB773C10A0","pub_key":"M71ySUS4HL3klf1QaC4ChZ70naUcfaSMVPYrlJ3Aa4I=","voting_power":70000000,"proposer_priority":0}},"triggered_timeout_precommit":false},"msg":{},"time":"2022-12-17T16:50:30+08:00","message":"service stop"}
{"level":"info","server":"node","module":"consensus","impl":{"Logger":{}},"msg":{},"time":"2022-12-17T16:50:30+08:00","message":"service stop"}
{"level":"info","server":"node","module":"consensus","wal":"/Users/xuxinlai/my/mul/work/new/uptick-test/data/uptick_7000-1/data/cs.wal/wal","impl":{"Logger":{}},"msg":{},"time":"2022-12-17T16:50:30+08:00","message":"service stop"}
{"level":"info","server":"node","module":"consensus","wal":"/Users/xuxinlai/my/mul/work/new/uptick-test/data/uptick_7000-1/data/cs.wal/wal","impl":{"Logger":{},"ID":"group:hERPpirioNIn:/Users/xuxinlai/my/mul/work/new/uptick-test/data/uptick_7000-1/data/cs.wal/wal","Head":{"ID":"hERPpirioNIn:/Users/xuxinlai/my/mul/work/new/uptick-test/data/uptick_7000-1/data/cs.wal/wal","Path":"/Users/xuxinlai/my/mul/work/new/uptick-test/data/uptick_7000-1/data/cs.wal/wal"},"Dir":"/Users/xuxinlai/my/mul/work/new/uptick-test/data/uptick_7000-1/data/cs.wal"},"msg":{},"time":"2022-12-17T16:50:30+08:00","message":"service stop"}
{"level":"info","server":"node","module":"evidence","impl":{"Logger":{},"Switch":{"Logger":{}}},"msg":{},"time":"2022-12-17T16:50:30+08:00","message":"service stop"}
{"level":"info","server":"node","module":"statesync","impl":{"Logger":{},"Switch":{"Logger":{}}},"msg":{},"time":"2022-12-17T16:50:30+08:00","message":"service stop"}
{"level":"info","server":"node","module":"pex","impl":{"Logger":{},"Switch":{"Logger":{}}},"msg":{},"time":"2022-12-17T16:50:30+08:00","message":"service stop"}
{"level":"info","server":"node","module":"p2p","book":"/Users/xuxinlai/my/mul/work/new/uptick-test/data/uptick_7000-1/config/addrbook.json","impl":{"Logger":{}},"msg":{},"time":"2022-12-17T16:50:30+08:00","message":"service stop"}
{"level":"info","server":"node","module":"p2p","book":"/Users/xuxinlai/my/mul/work/new/uptick-test/data/uptick_7000-1/config/addrbook.json","size":0,"time":"2022-12-17T16:50:30+08:00","message":"Saving AddrBook to file"}
{"level":"error","server":"node","module":"p2p","numPeers":0,"time":"2022-12-17T16:50:30+08:00","message":"Stopped accept routine, as transport is closed"}
{"level":"info","server":"node","listener":{"Listener":{}},"time":"2022-12-17T16:50:30+08:00","message":"Closing rpc listener"}
{"level":"info","server":"node","module":"rpc-server","err":"accept tcp 127.0.0.1:26657: use of closed network connection","time":"2022-12-17T16:50:30+08:00","message":"RPC HTTP server stopped"}
{"level":"error","server":"node","err":"accept tcp 127.0.0.1:26657: use of closed network connection","time":"2022-12-17T16:50:30+08:00","message":"Error serving server"}
{"level":"info","time":"2022-12-17T16:50:30+08:00","message":"Bye!"}
